<?xml version="1.0" encoding="UTF-8"?>
<!-- Generated by org.testng.reporters.JUnitXMLReporter -->
<testsuite ignored="0" hostname="Dipali" failures="0" tests="4" name="Test" time="4.032" errors="0" timestamp="2023-07-13T15:20:24 IST">
  <testcase classname="com.tech.test.loginTest.login" name="tech001" time="0.181"/>
  <testcase classname="com.tech.test.loginTest.login" name="tech001" time="0.184"/>
  <testcase classname="com.tech.test.loginTest.login" name="tech001" time="0.152"/>
  <testcase classname="com.tech.test.loginTest.login" name="tech001" time="0.15"/>
</testsuite> <!-- Test -->
