<?xml version="1.0" encoding="UTF-8"?>
<testng-results ignored="0" total="4" passed="4" failed="0" skipped="0">
  <reporter-output>
  </reporter-output>
  <suite started-at="2023-07-13T15:20:20 IST" name="Suite" finished-at="2023-07-13T15:20:24 IST" duration-ms="4032">
    <groups>
    </groups>
    <test started-at="2023-07-13T15:20:20 IST" name="Test" finished-at="2023-07-13T15:20:24 IST" duration-ms="4032">
      <class name="com.tech.baseclass.baseclass">
        <test-method is-config="true" signature="setUp()[pri:0, instance:com.tech.baseclass.baseclass@27406a17]" started-at="2023-07-13T15:20:20 IST" name="setUp" finished-at="2023-07-13T15:20:23 IST" duration-ms="3296" status="PASS">
          <reporter-output>
          </reporter-output>
        </test-method> <!-- setUp -->
      </class> <!-- com.tech.baseclass.baseclass -->
      <class name="com.tech.test.loginTest.login">
        <test-method signature="tech001(java.lang.String,java.lang.String)[pri:0, instance:com.tech.test.loginTest.login@3a7442c7]" started-at="2023-07-13T15:20:23 IST" name="tech001" data-provider="loginDataProvider" finished-at="2023-07-13T15:20:24 IST" duration-ms="181" status="PASS">
          <params>
            <param index="0">
              <value>
                <![CDATA[abc]]>
              </value>
            </param>
            <param index="1">
              <value>
                <![CDATA[123]]>
              </value>
            </param>
          </params>
          <reporter-output>
          </reporter-output>
        </test-method> <!-- tech001 -->
        <test-method signature="tech001(java.lang.String,java.lang.String)[pri:0, instance:com.tech.test.loginTest.login@3a7442c7]" started-at="2023-07-13T15:20:24 IST" name="tech001" data-provider="loginDataProvider" finished-at="2023-07-13T15:20:24 IST" duration-ms="184" status="PASS">
          <params>
            <param index="0">
              <value>
                <![CDATA[efg]]>
              </value>
            </param>
            <param index="1">
              <value>
                <![CDATA[456]]>
              </value>
            </param>
          </params>
          <reporter-output>
          </reporter-output>
        </test-method> <!-- tech001 -->
        <test-method signature="tech001(java.lang.String,java.lang.String)[pri:0, instance:com.tech.test.loginTest.login@3a7442c7]" started-at="2023-07-13T15:20:24 IST" name="tech001" data-provider="loginDataProvider" finished-at="2023-07-13T15:20:24 IST" duration-ms="152" status="PASS">
          <params>
            <param index="0">
              <value>
                <![CDATA[ghb]]>
              </value>
            </param>
            <param index="1">
              <value>
                <![CDATA[765]]>
              </value>
            </param>
          </params>
          <reporter-output>
          </reporter-output>
        </test-method> <!-- tech001 -->
        <test-method signature="tech001(java.lang.String,java.lang.String)[pri:0, instance:com.tech.test.loginTest.login@3a7442c7]" started-at="2023-07-13T15:20:24 IST" name="tech001" data-provider="loginDataProvider" finished-at="2023-07-13T15:20:24 IST" duration-ms="150" status="PASS">
          <params>
            <param index="0">
              <value>
                <![CDATA[oik]]>
              </value>
            </param>
            <param index="1">
              <value>
                <![CDATA[098]]>
              </value>
            </param>
          </params>
          <reporter-output>
          </reporter-output>
        </test-method> <!-- tech001 -->
      </class> <!-- com.tech.test.loginTest.login -->
    </test> <!-- Test -->
  </suite> <!-- Suite -->
</testng-results>
